Build started 2019/1/17 21:47:14.
     1>Project "E:\cpp_workspace\protobuf\project.win32\libprotobuf.vcxproj" on node 3 (Build target(s)).
     1>CustomBuild:
         Building Custom Rule E:/cpp_workspace/protobuf/cmake/CMakeLists.txt
         CMake does not need to re-run because E:\cpp_workspace\protobuf\project.win32\CMakeFiles\generate.stamp is up-to-date.
       ClCompile:
         D:\Program Files (x86)\Microsoft Visual Studio 12.0\VC\bin\CL.exe /c /IE:\cpp_workspace\protobuf\project.win32 /IE:\cpp_workspace\protobuf\src /IE:\cpp_workspace\protobuf\gmock /IE:\cpp_workspace\protobuf\gmock\gtest /IE:\cpp_workspace\protobuf\gmock\gtest\include /IE:\cpp_workspace\protobuf\gmock\include /Zi /nologo /W3 /WX- /MP /Od /Ob0 /Oy- /D WIN32 /D _WINDOWS /D _DEBUG /D GOOGLE_PROTOBUF_CMAKE_BUILD /D "CMAKE_INTDIR=\"Debug\"" /D _MBCS /Gm- /EHsc /RTC1 /MTd /GS /fp:precise /Zc:wchar_t /Zc:forScope /GR /Fo"libprotobuf.dir\Debug\\" /Fd"libprotobuf.dir\Debug\vc120.pdb" /Gd /TP /wd4244 /wd4267 /wd4018 /wd4355 /wd4800 /wd4251 /wd4996 /wd4146 /wd4305 /wd4309 /analyze- /errorReport:prompt  /bigobj E:\cpp_workspace\protobuf\src\google\protobuf\arena.cc E:\cpp_workspace\protobuf\src\google\protobuf\arenastring.cc E:\cpp_workspace\protobuf\src\google\protobuf\extension_set.cc E:\cpp_workspace\protobuf\src\google\protobuf\generated_message_table_driven_lite.cc E:\cpp_workspace\protobuf\src\google\protobuf\generated_message_util.cc E:\cpp_workspace\protobuf\src\google\protobuf\io\coded_stream.cc E:\cpp_workspace\protobuf\src\google\protobuf\io\zero_copy_stream.cc E:\cpp_workspace\protobuf\src\google\protobuf\io\zero_copy_stream_impl_lite.cc E:\cpp_workspace\protobuf\src\google\protobuf\message_lite.cc E:\cpp_workspace\protobuf\src\google\protobuf\repeated_field.cc E:\cpp_workspace\protobuf\src\google\protobuf\stubs\atomicops_internals_x86_gcc.cc E:\cpp_workspace\protobuf\src\google\protobuf\stubs\atomicops_internals_x86_msvc.cc E:\cpp_workspace\protobuf\src\google\protobuf\stubs\bytestream.cc E:\cpp_workspace\protobuf\src\google\protobuf\stubs\common.cc E:\cpp_workspace\protobuf\src\google\protobuf\stubs\int128.cc E:\cpp_workspace\protobuf\src\google\protobuf\stubs\io_win32.cc E:\cpp_workspace\protobuf\src\google\protobuf\stubs\once.cc E:\cpp_workspace\protobuf\src\google\protobuf\stubs\status.cc E:\cpp_workspace\protobuf\src\google\protobuf\stubs\statusor.cc E:\cpp_workspace\protobuf\src\google\protobuf\stubs\stringpiece.cc E:\cpp_workspace\protobuf\src\google\protobuf\stubs\stringprintf.cc E:\cpp_workspace\protobuf\src\google\protobuf\stubs\structurally_valid.cc E:\cpp_workspace\protobuf\src\google\protobuf\stubs\strutil.cc E:\cpp_workspace\protobuf\src\google\protobuf\stubs\time.cc E:\cpp_workspace\protobuf\src\google\protobuf\wire_format_lite.cc E:\cpp_workspace\protobuf\src\google\protobuf\any.cc E:\cpp_workspace\protobuf\src\google\protobuf\any.pb.cc E:\cpp_workspace\protobuf\src\google\protobuf\api.pb.cc E:\cpp_workspace\protobuf\src\google\protobuf\compiler\importer.cc E:\cpp_workspace\protobuf\src\google\protobuf\compiler\parser.cc E:\cpp_workspace\protobuf\src\google\protobuf\descriptor.cc E:\cpp_workspace\protobuf\src\google\protobuf\descriptor.pb.cc E:\cpp_workspace\protobuf\src\google\protobuf\descriptor_database.cc E:\cpp_workspace\protobuf\src\google\protobuf\duration.pb.cc E:\cpp_workspace\protobuf\src\google\protobuf\dynamic_message.cc E:\cpp_workspace\protobuf\src\google\protobuf\empty.pb.cc E:\cpp_workspace\protobuf\src\google\protobuf\extension_set_heavy.cc E:\cpp_workspace\protobuf\src\google\protobuf\field_mask.pb.cc E:\cpp_workspace\protobuf\src\google\protobuf\generated_message_reflection.cc E:\cpp_workspace\protobuf\src\google\protobuf\generated_message_table_driven.cc E:\cpp_workspace\protobuf\src\google\protobuf\io\gzip_stream.cc E:\cpp_workspace\protobuf\src\google\protobuf\io\printer.cc E:\cpp_workspace\protobuf\src\google\protobuf\io\strtod.cc E:\cpp_workspace\protobuf\src\google\protobuf\io\tokenizer.cc E:\cpp_workspace\protobuf\src\google\protobuf\io\zero_copy_stream_impl.cc E:\cpp_workspace\protobuf\src\google\protobuf\map_field.cc E:\cpp_workspace\protobuf\src\google\protobuf\message.cc E:\cpp_workspace\protobuf\src\google\protobuf\reflection_ops.cc E:\cpp_workspace\protobuf\src\google\protobuf\service.cc E:\cpp_workspace\protobuf\src\google\protobuf\source_context.pb.cc E:\cpp_workspace\protobuf\src\google\protobuf\struct.pb.cc E:\cpp_workspace\protobuf\src\google\protobuf\stubs\mathlimits.cc E:\cpp_workspace\protobuf\src\google\protobuf\stubs\substitute.cc E:\cpp_workspace\protobuf\src\google\protobuf\text_format.cc E:\cpp_workspace\protobuf\src\google\protobuf\timestamp.pb.cc E:\cpp_workspace\protobuf\src\google\protobuf\type.pb.cc E:\cpp_workspace\protobuf\src\google\protobuf\unknown_field_set.cc E:\cpp_workspace\protobuf\src\google\protobuf\util\delimited_message_util.cc E:\cpp_workspace\protobuf\src\google\protobuf\util\field_comparator.cc E:\cpp_workspace\protobuf\src\google\protobuf\util\field_mask_util.cc E:\cpp_workspace\protobuf\src\google\protobuf\util\internal\datapiece.cc E:\cpp_workspace\protobuf\src\google\protobuf\util\internal\default_value_objectwriter.cc E:\cpp_workspace\protobuf\src\google\protobuf\util\internal\error_listener.cc E:\cpp_workspace\protobuf\src\google\protobuf\util\internal\field_mask_utility.cc E:\cpp_workspace\protobuf\src\google\protobuf\util\internal\json_escaping.cc E:\cpp_workspace\protobuf\src\google\protobuf\util\internal\json_objectwriter.cc E:\cpp_workspace\protobuf\src\google\protobuf\util\internal\json_stream_parser.cc E:\cpp_workspace\protobuf\src\google\protobuf\util\internal\object_writer.cc E:\cpp_workspace\protobuf\src\google\protobuf\util\internal\proto_writer.cc E:\cpp_workspace\protobuf\src\google\protobuf\util\internal\protostream_objectsource.cc E:\cpp_workspace\protobuf\src\google\protobuf\util\internal\protostream_objectwriter.cc E:\cpp_workspace\protobuf\src\google\protobuf\util\internal\type_info.cc E:\cpp_workspace\protobuf\src\google\protobuf\util\internal\type_info_test_helper.cc E:\cpp_workspace\protobuf\src\google\protobuf\util\internal\utility.cc E:\cpp_workspace\protobuf\src\google\protobuf\util\json_util.cc E:\cpp_workspace\protobuf\src\google\protobuf\util\message_differencer.cc E:\cpp_workspace\protobuf\src\google\protobuf\util\time_util.cc E:\cpp_workspace\protobuf\src\google\protobuf\util\type_resolver_util.cc E:\cpp_workspace\protobuf\src\google\protobuf\wire_format.cc E:\cpp_workspace\protobuf\src\google\protobuf\wrappers.pb.cc
         arena.cc
         arenastring.cc
         extension_set.cc
         generated_message_table_driven_lite.cc
         generated_message_util.cc
         coded_stream.cc
         zero_copy_stream.cc
         zero_copy_stream_impl_lite.cc
         message_lite.cc
         repeated_field.cc
         atomicops_internals_x86_gcc.cc
         atomicops_internals_x86_msvc.cc
         bytestream.cc
         common.cc
         int128.cc
         io_win32.cc
         once.cc
         status.cc
         statusor.cc
         stringpiece.cc
         stringprintf.cc
         structurally_valid.cc
         strutil.cc
         time.cc
         wire_format_lite.cc
         any.cc
         any.pb.cc
         api.pb.cc
         importer.cc
         parser.cc
         descriptor.cc
         descriptor.pb.cc
         descriptor_database.cc
         duration.pb.cc
         dynamic_message.cc
         empty.pb.cc
         extension_set_heavy.cc
         field_mask.pb.cc
         generated_message_reflection.cc
         generated_message_table_driven.cc
         gzip_stream.cc
         printer.cc
     1>E:\cpp_workspace\protobuf\src\google\protobuf\generated_message_reflection.cc(1980): warning C4065: switch statement contains 'default' but no 'case' labels
         strtod.cc
         tokenizer.cc
         zero_copy_stream_impl.cc
     1>E:\cpp_workspace\protobuf\src\google/protobuf/repeated_field.h(608): warning C4506: no definition for inline function 'google::protobuf::Message *google::protobuf::internal::GenericTypeHandler<google::protobuf::Message>::NewFromPrototype(const GenericType *,google::protobuf::Arena *)'
                 with
                 [
                     GenericType=google::protobuf::Message
                 ] (E:\cpp_workspace\protobuf\src\google\protobuf\generated_message_reflection.cc)
     1>E:\cpp_workspace\protobuf\src\google/protobuf/repeated_field.h(608): warning C4506: no definition for inline function 'google::protobuf::Arena *google::protobuf::internal::GenericTypeHandler<google::protobuf::Message>::GetArena(GenericType *)'
                 with
                 [
                     GenericType=google::protobuf::Message
                 ] (E:\cpp_workspace\protobuf\src\google\protobuf\generated_message_reflection.cc)
     1>E:\cpp_workspace\protobuf\src\google/protobuf/repeated_field.h(608): warning C4506: no definition for inline function 'void *google::protobuf::internal::GenericTypeHandler<google::protobuf::Message>::GetMaybeArenaPointer(GenericType *)'
                 with
                 [
                     GenericType=google::protobuf::Message
                 ] (E:\cpp_workspace\protobuf\src\google\protobuf\generated_message_reflection.cc)
         map_field.cc
         message.cc
         reflection_ops.cc
         service.cc
     1>E:\cpp_workspace\protobuf\src\google/protobuf/repeated_field.h(1397): warning C4506: no definition for inline function 'google::protobuf::Message *google::protobuf::internal::GenericTypeHandler<google::protobuf::Message>::NewFromPrototype(const GenericType *,google::protobuf::Arena *)'
                 with
                 [
                     GenericType=google::protobuf::Message
                 ] (E:\cpp_workspace\protobuf\src\google\protobuf\map_field.cc)
     1>E:\cpp_workspace\protobuf\src\google/protobuf/repeated_field.h(1397): warning C4506: no definition for inline function 'google::protobuf::Arena *google::protobuf::internal::GenericTypeHandler<google::protobuf::Message>::GetArena(GenericType *)'
                 with
                 [
                     GenericType=google::protobuf::Message
                 ] (E:\cpp_workspace\protobuf\src\google\protobuf\map_field.cc)
     1>E:\cpp_workspace\protobuf\src\google/protobuf/repeated_field.h(1397): warning C4506: no definition for inline function 'void *google::protobuf::internal::GenericTypeHandler<google::protobuf::Message>::GetMaybeArenaPointer(GenericType *)'
                 with
                 [
                     GenericType=google::protobuf::Message
                 ] (E:\cpp_workspace\protobuf\src\google\protobuf\map_field.cc)
         source_context.pb.cc
         struct.pb.cc
         mathlimits.cc
         substitute.cc
         text_format.cc
         timestamp.pb.cc
         type.pb.cc
         unknown_field_set.cc
         delimited_message_util.cc
         field_comparator.cc
         field_mask_util.cc
         datapiece.cc
         default_value_objectwriter.cc
         error_listener.cc
         field_mask_utility.cc
         json_escaping.cc
         json_objectwriter.cc
         json_stream_parser.cc
         object_writer.cc
         proto_writer.cc
         protostream_objectsource.cc
         protostream_objectwriter.cc
         type_info.cc
         type_info_test_helper.cc
         utility.cc
         json_util.cc
         message_differencer.cc
         time_util.cc
         type_resolver_util.cc
         wire_format.cc
         wrappers.pb.cc
       Lib:
         D:\Program Files (x86)\Microsoft Visual Studio 12.0\VC\bin\Lib.exe /OUT:"E:\cpp_workspace\protobuf\project.win32\Debug\libprotobufd.lib" /NOLOGO  /machine:X86 libprotobuf.dir\Debug\arena.obj
         libprotobuf.dir\Debug\arenastring.obj
         libprotobuf.dir\Debug\extension_set.obj
         libprotobuf.dir\Debug\generated_message_table_driven_lite.obj
         libprotobuf.dir\Debug\generated_message_util.obj
         libprotobuf.dir\Debug\coded_stream.obj
         libprotobuf.dir\Debug\zero_copy_stream.obj
         libprotobuf.dir\Debug\zero_copy_stream_impl_lite.obj
         libprotobuf.dir\Debug\message_lite.obj
         libprotobuf.dir\Debug\repeated_field.obj
         libprotobuf.dir\Debug\atomicops_internals_x86_gcc.obj
         libprotobuf.dir\Debug\atomicops_internals_x86_msvc.obj
         libprotobuf.dir\Debug\bytestream.obj
         libprotobuf.dir\Debug\common.obj
         libprotobuf.dir\Debug\int128.obj
         libprotobuf.dir\Debug\io_win32.obj
         libprotobuf.dir\Debug\once.obj
         libprotobuf.dir\Debug\status.obj
         libprotobuf.dir\Debug\statusor.obj
         libprotobuf.dir\Debug\stringpiece.obj
         libprotobuf.dir\Debug\stringprintf.obj
         libprotobuf.dir\Debug\structurally_valid.obj
         libprotobuf.dir\Debug\strutil.obj
         libprotobuf.dir\Debug\time.obj
         libprotobuf.dir\Debug\wire_format_lite.obj
         libprotobuf.dir\Debug\any.obj
         libprotobuf.dir\Debug\any.pb.obj
         libprotobuf.dir\Debug\api.pb.obj
         libprotobuf.dir\Debug\importer.obj
         libprotobuf.dir\Debug\parser.obj
         libprotobuf.dir\Debug\descriptor.obj
         libprotobuf.dir\Debug\descriptor.pb.obj
         libprotobuf.dir\Debug\descriptor_database.obj
         libprotobuf.dir\Debug\duration.pb.obj
         libprotobuf.dir\Debug\dynamic_message.obj
         libprotobuf.dir\Debug\empty.pb.obj
         libprotobuf.dir\Debug\extension_set_heavy.obj
         libprotobuf.dir\Debug\field_mask.pb.obj
         libprotobuf.dir\Debug\generated_message_reflection.obj
         libprotobuf.dir\Debug\generated_message_table_driven.obj
         libprotobuf.dir\Debug\gzip_stream.obj
         libprotobuf.dir\Debug\printer.obj
         libprotobuf.dir\Debug\strtod.obj
         libprotobuf.dir\Debug\tokenizer.obj
         libprotobuf.dir\Debug\zero_copy_stream_impl.obj
         libprotobuf.dir\Debug\map_field.obj
         libprotobuf.dir\Debug\message.obj
         libprotobuf.dir\Debug\reflection_ops.obj
         libprotobuf.dir\Debug\service.obj
         libprotobuf.dir\Debug\source_context.pb.obj
         libprotobuf.dir\Debug\struct.pb.obj
         libprotobuf.dir\Debug\mathlimits.obj
         libprotobuf.dir\Debug\substitute.obj
         libprotobuf.dir\Debug\text_format.obj
         libprotobuf.dir\Debug\timestamp.pb.obj
         libprotobuf.dir\Debug\type.pb.obj
         libprotobuf.dir\Debug\unknown_field_set.obj
         libprotobuf.dir\Debug\delimited_message_util.obj
         libprotobuf.dir\Debug\field_comparator.obj
         libprotobuf.dir\Debug\field_mask_util.obj
         libprotobuf.dir\Debug\datapiece.obj
         libprotobuf.dir\Debug\default_value_objectwriter.obj
         libprotobuf.dir\Debug\error_listener.obj
         libprotobuf.dir\Debug\field_mask_utility.obj
         libprotobuf.dir\Debug\json_escaping.obj
         libprotobuf.dir\Debug\json_objectwriter.obj
         libprotobuf.dir\Debug\json_stream_parser.obj
         libprotobuf.dir\Debug\object_writer.obj
         libprotobuf.dir\Debug\proto_writer.obj
         libprotobuf.dir\Debug\protostream_objectsource.obj
         libprotobuf.dir\Debug\protostream_objectwriter.obj
         libprotobuf.dir\Debug\type_info.obj
         libprotobuf.dir\Debug\type_info_test_helper.obj
         libprotobuf.dir\Debug\utility.obj
         libprotobuf.dir\Debug\json_util.obj
         libprotobuf.dir\Debug\message_differencer.obj
         libprotobuf.dir\Debug\time_util.obj
         libprotobuf.dir\Debug\type_resolver_util.obj
         libprotobuf.dir\Debug\wire_format.obj
         libprotobuf.dir\Debug\wrappers.pb.obj
     1>error_listener.obj : warning LNK4221: This object file does not define any previously undefined public symbols, so it will not be used by any link operation that consumes this library
     1>atomicops_internals_x86_gcc.obj : warning LNK4221: This object file does not define any previously undefined public symbols, so it will not be used by any link operation that consumes this library
     1>arenastring.obj : warning LNK4221: This object file does not define any previously undefined public symbols, so it will not be used by any link operation that consumes this library
         libprotobuf.vcxproj -> E:\cpp_workspace\protobuf\project.win32\Debug\libprotobufd.lib
     1>Done Building Project "E:\cpp_workspace\protobuf\project.win32\libprotobuf.vcxproj" (Build target(s)).

Build succeeded.

Time Elapsed 00:00:33.24
