Build started 2019/1/17 21:47:47.
     1>Project "E:\cpp_workspace\protobuf\project.win32\libprotoc.vcxproj" on node 3 (Build target(s)).
     1>CustomBuild:
         Building Custom Rule E:/cpp_workspace/protobuf/cmake/CMakeLists.txt
         CMake does not need to re-run because E:\cpp_workspace\protobuf\project.win32\CMakeFiles\generate.stamp is up-to-date.
         Generating E:/cpp_workspace/protobuf/src/google/protobuf/compiler/js/well_known_types_embed.cc
       ClCompile:
         D:\Program Files (x86)\Microsoft Visual Studio 12.0\VC\bin\CL.exe /c /IE:\cpp_workspace\protobuf\project.win32 /IE:\cpp_workspace\protobuf\src /IE:\cpp_workspace\protobuf\gmock /IE:\cpp_workspace\protobuf\gmock\gtest /IE:\cpp_workspace\protobuf\gmock\gtest\include /IE:\cpp_workspace\protobuf\gmock\include /Zi /nologo /W3 /WX- /MP /Od /Ob0 /Oy- /D WIN32 /D _WINDOWS /D _DEBUG /D LIBPROTOC_EXPORTS /D GOOGLE_PROTOBUF_CMAKE_BUILD /D "CMAKE_INTDIR=\"Debug\"" /D _MBCS /Gm- /EHsc /RTC1 /MTd /GS /fp:precise /Zc:wchar_t /Zc:forScope /GR /Fo"libprotoc.dir\Debug\\" /Fd"libprotoc.dir\Debug\vc120.pdb" /Gd /TP /wd4244 /wd4267 /wd4018 /wd4355 /wd4800 /wd4251 /wd4996 /wd4146 /wd4305 /wd4309 /analyze- /errorReport:prompt  /bigobj E:\cpp_workspace\protobuf\src\google\protobuf\compiler\code_generator.cc E:\cpp_workspace\protobuf\src\google\protobuf\compiler\command_line_interface.cc E:\cpp_workspace\protobuf\src\google\protobuf\compiler\cpp\cpp_enum.cc E:\cpp_workspace\protobuf\src\google\protobuf\compiler\cpp\cpp_enum_field.cc E:\cpp_workspace\protobuf\src\google\protobuf\compiler\cpp\cpp_extension.cc E:\cpp_workspace\protobuf\src\google\protobuf\compiler\cpp\cpp_field.cc E:\cpp_workspace\protobuf\src\google\protobuf\compiler\cpp\cpp_file.cc E:\cpp_workspace\protobuf\src\google\protobuf\compiler\cpp\cpp_generator.cc E:\cpp_workspace\protobuf\src\google\protobuf\compiler\cpp\cpp_helpers.cc E:\cpp_workspace\protobuf\src\google\protobuf\compiler\cpp\cpp_map_field.cc E:\cpp_workspace\protobuf\src\google\protobuf\compiler\cpp\cpp_message.cc E:\cpp_workspace\protobuf\src\google\protobuf\compiler\cpp\cpp_message_field.cc E:\cpp_workspace\protobuf\src\google\protobuf\compiler\cpp\cpp_primitive_field.cc E:\cpp_workspace\protobuf\src\google\protobuf\compiler\cpp\cpp_service.cc E:\cpp_workspace\protobuf\src\google\protobuf\compiler\cpp\cpp_string_field.cc E:\cpp_workspace\protobuf\src\google\protobuf\compiler\csharp\csharp_doc_comment.cc E:\cpp_workspace\protobuf\src\google\protobuf\compiler\csharp\csharp_enum.cc E:\cpp_workspace\protobuf\src\google\protobuf\compiler\csharp\csharp_enum_field.cc E:\cpp_workspace\protobuf\src\google\protobuf\compiler\csharp\csharp_field_base.cc E:\cpp_workspace\protobuf\src\google\protobuf\compiler\csharp\csharp_generator.cc E:\cpp_workspace\protobuf\src\google\protobuf\compiler\csharp\csharp_helpers.cc E:\cpp_workspace\protobuf\src\google\protobuf\compiler\csharp\csharp_map_field.cc E:\cpp_workspace\protobuf\src\google\protobuf\compiler\csharp\csharp_message.cc E:\cpp_workspace\protobuf\src\google\protobuf\compiler\csharp\csharp_message_field.cc E:\cpp_workspace\protobuf\src\google\protobuf\compiler\csharp\csharp_primitive_field.cc E:\cpp_workspace\protobuf\src\google\protobuf\compiler\csharp\csharp_reflection_class.cc E:\cpp_workspace\protobuf\src\google\protobuf\compiler\csharp\csharp_repeated_enum_field.cc E:\cpp_workspace\protobuf\src\google\protobuf\compiler\csharp\csharp_repeated_message_field.cc E:\cpp_workspace\protobuf\src\google\protobuf\compiler\csharp\csharp_repeated_primitive_field.cc E:\cpp_workspace\protobuf\src\google\protobuf\compiler\csharp\csharp_source_generator_base.cc E:\cpp_workspace\protobuf\src\google\protobuf\compiler\csharp\csharp_wrapper_field.cc E:\cpp_workspace\protobuf\src\google\protobuf\compiler\java\java_context.cc E:\cpp_workspace\protobuf\src\google\protobuf\compiler\java\java_doc_comment.cc E:\cpp_workspace\protobuf\src\google\protobuf\compiler\java\java_enum.cc E:\cpp_workspace\protobuf\src\google\protobuf\compiler\java\java_enum_field.cc E:\cpp_workspace\protobuf\src\google\protobuf\compiler\java\java_enum_field_lite.cc E:\cpp_workspace\protobuf\src\google\protobuf\compiler\java\java_enum_lite.cc E:\cpp_workspace\protobuf\src\google\protobuf\compiler\java\java_extension.cc E:\cpp_workspace\protobuf\src\google\protobuf\compiler\java\java_extension_lite.cc E:\cpp_workspace\protobuf\src\google\protobuf\compiler\java\java_field.cc E:\cpp_workspace\protobuf\src\google\protobuf\compiler\java\java_file.cc E:\cpp_workspace\protobuf\src\google\protobuf\compiler\java\java_generator.cc E:\cpp_workspace\protobuf\src\google\protobuf\compiler\java\java_generator_factory.cc E:\cpp_workspace\protobuf\src\google\protobuf\compiler\java\java_helpers.cc E:\cpp_workspace\protobuf\src\google\protobuf\compiler\java\java_lazy_message_field.cc E:\cpp_workspace\protobuf\src\google\protobuf\compiler\java\java_lazy_message_field_lite.cc E:\cpp_workspace\protobuf\src\google\protobuf\compiler\java\java_map_field.cc E:\cpp_workspace\protobuf\src\google\protobuf\compiler\java\java_map_field_lite.cc E:\cpp_workspace\protobuf\src\google\protobuf\compiler\java\java_message.cc E:\cpp_workspace\protobuf\src\google\protobuf\compiler\java\java_message_builder.cc E:\cpp_workspace\protobuf\src\google\protobuf\compiler\java\java_message_builder_lite.cc E:\cpp_workspace\protobuf\src\google\protobuf\compiler\java\java_message_field.cc E:\cpp_workspace\protobuf\src\google\protobuf\compiler\java\java_message_field_lite.cc E:\cpp_workspace\protobuf\src\google\protobuf\compiler\java\java_message_lite.cc E:\cpp_workspace\protobuf\src\google\protobuf\compiler\java\java_name_resolver.cc E:\cpp_workspace\protobuf\src\google\protobuf\compiler\java\java_primitive_field.cc E:\cpp_workspace\protobuf\src\google\protobuf\compiler\java\java_primitive_field_lite.cc E:\cpp_workspace\protobuf\src\google\protobuf\compiler\java\java_service.cc E:\cpp_workspace\protobuf\src\google\protobuf\compiler\java\java_shared_code_generator.cc E:\cpp_workspace\protobuf\src\google\protobuf\compiler\java\java_string_field.cc E:\cpp_workspace\protobuf\src\google\protobuf\compiler\java\java_string_field_lite.cc E:\cpp_workspace\protobuf\src\google\protobuf\compiler\javanano\javanano_enum.cc E:\cpp_workspace\protobuf\src\google\protobuf\compiler\javanano\javanano_enum_field.cc E:\cpp_workspace\protobuf\src\google\protobuf\compiler\javanano\javanano_extension.cc E:\cpp_workspace\protobuf\src\google\protobuf\compiler\javanano\javanano_field.cc E:\cpp_workspace\protobuf\src\google\protobuf\compiler\javanano\javanano_file.cc E:\cpp_workspace\protobuf\src\google\protobuf\compiler\javanano\javanano_generator.cc E:\cpp_workspace\protobuf\src\google\protobuf\compiler\javanano\javanano_helpers.cc E:\cpp_workspace\protobuf\src\google\protobuf\compiler\javanano\javanano_map_field.cc E:\cpp_workspace\protobuf\src\google\protobuf\compiler\javanano\javanano_message.cc E:\cpp_workspace\protobuf\src\google\protobuf\compiler\javanano\javanano_message_field.cc E:\cpp_workspace\protobuf\src\google\protobuf\compiler\javanano\javanano_primitive_field.cc E:\cpp_workspace\protobuf\src\google\protobuf\compiler\js\js_generator.cc E:\cpp_workspace\protobuf\src\google\protobuf\compiler\js\well_known_types_embed.cc E:\cpp_workspace\protobuf\src\google\protobuf\compiler\objectivec\objectivec_enum.cc E:\cpp_workspace\protobuf\src\google\protobuf\compiler\objectivec\objectivec_enum_field.cc E:\cpp_workspace\protobuf\src\google\protobuf\compiler\objectivec\objectivec_extension.cc E:\cpp_workspace\protobuf\src\google\protobuf\compiler\objectivec\objectivec_field.cc E:\cpp_workspace\protobuf\src\google\protobuf\compiler\objectivec\objectivec_file.cc E:\cpp_workspace\protobuf\src\google\protobuf\compiler\objectivec\objectivec_generator.cc E:\cpp_workspace\protobuf\src\google\protobuf\compiler\objectivec\objectivec_helpers.cc E:\cpp_workspace\protobuf\src\google\protobuf\compiler\objectivec\objectivec_map_field.cc E:\cpp_workspace\protobuf\src\google\protobuf\compiler\objectivec\objectivec_message.cc E:\cpp_workspace\protobuf\src\google\protobuf\compiler\objectivec\objectivec_message_field.cc E:\cpp_workspace\protobuf\src\google\protobuf\compiler\objectivec\objectivec_oneof.cc E:\cpp_workspace\protobuf\src\google\protobuf\compiler\objectivec\objectivec_primitive_field.cc E:\cpp_workspace\protobuf\src\google\protobuf\compiler\php\php_generator.cc E:\cpp_workspace\protobuf\src\google\protobuf\compiler\plugin.cc E:\cpp_workspace\protobuf\src\google\protobuf\compiler\plugin.pb.cc E:\cpp_workspace\protobuf\src\google\protobuf\compiler\python\python_generator.cc E:\cpp_workspace\protobuf\src\google\protobuf\compiler\ruby\ruby_generator.cc E:\cpp_workspace\protobuf\src\google\protobuf\compiler\subprocess.cc E:\cpp_workspace\protobuf\src\google\protobuf\compiler\zip_writer.cc
         code_generator.cc
         command_line_interface.cc
         cpp_enum.cc
         cpp_enum_field.cc
         cpp_extension.cc
         cpp_field.cc
         cpp_file.cc
         cpp_generator.cc
         cpp_helpers.cc
         cpp_map_field.cc
         cpp_message.cc
         cpp_message_field.cc
         cpp_primitive_field.cc
         cpp_service.cc
         cpp_string_field.cc
         csharp_doc_comment.cc
         csharp_enum.cc
         csharp_enum_field.cc
         csharp_field_base.cc
         csharp_generator.cc
         csharp_helpers.cc
         csharp_map_field.cc
         csharp_message.cc
         csharp_message_field.cc
         csharp_primitive_field.cc
         csharp_reflection_class.cc
         csharp_repeated_enum_field.cc
         csharp_repeated_message_field.cc
         csharp_repeated_primitive_field.cc
         csharp_source_generator_base.cc
         csharp_wrapper_field.cc
         java_context.cc
         java_doc_comment.cc
         java_enum.cc
         java_enum_field.cc
         java_enum_field_lite.cc
         java_enum_lite.cc
         java_extension.cc
         java_extension_lite.cc
         java_field.cc
         java_file.cc
         java_generator.cc
         java_generator_factory.cc
         java_helpers.cc
         java_lazy_message_field.cc
         java_lazy_message_field_lite.cc
         java_map_field.cc
         java_map_field_lite.cc
         java_message.cc
         java_message_builder.cc
         java_message_builder_lite.cc
         java_message_field.cc
         java_message_field_lite.cc
         java_message_lite.cc
         java_name_resolver.cc
         java_primitive_field.cc
         java_primitive_field_lite.cc
         java_service.cc
         java_shared_code_generator.cc
         java_string_field.cc
         java_string_field_lite.cc
         javanano_enum.cc
         javanano_enum_field.cc
         javanano_extension.cc
         javanano_field.cc
         javanano_file.cc
         javanano_generator.cc
         javanano_helpers.cc
         javanano_map_field.cc
         javanano_message.cc
         javanano_message_field.cc
         javanano_primitive_field.cc
         js_generator.cc
         well_known_types_embed.cc
         objectivec_enum.cc
         objectivec_enum_field.cc
         objectivec_extension.cc
         objectivec_field.cc
         objectivec_file.cc
         objectivec_generator.cc
         objectivec_helpers.cc
         objectivec_map_field.cc
         objectivec_message.cc
         objectivec_message_field.cc
         objectivec_oneof.cc
         objectivec_primitive_field.cc
         php_generator.cc
         plugin.cc
         plugin.pb.cc
         python_generator.cc
         ruby_generator.cc
         subprocess.cc
         zip_writer.cc
       Lib:
         D:\Program Files (x86)\Microsoft Visual Studio 12.0\VC\bin\Lib.exe /OUT:"E:\cpp_workspace\protobuf\project.win32\Debug\libprotocd.lib" /NOLOGO  /machine:X86 libprotoc.dir\Debug\code_generator.obj
         libprotoc.dir\Debug\command_line_interface.obj
         libprotoc.dir\Debug\cpp_enum.obj
         libprotoc.dir\Debug\cpp_enum_field.obj
         libprotoc.dir\Debug\cpp_extension.obj
         libprotoc.dir\Debug\cpp_field.obj
         libprotoc.dir\Debug\cpp_file.obj
         libprotoc.dir\Debug\cpp_generator.obj
         libprotoc.dir\Debug\cpp_helpers.obj
         libprotoc.dir\Debug\cpp_map_field.obj
         libprotoc.dir\Debug\cpp_message.obj
         libprotoc.dir\Debug\cpp_message_field.obj
         libprotoc.dir\Debug\cpp_primitive_field.obj
         libprotoc.dir\Debug\cpp_service.obj
         libprotoc.dir\Debug\cpp_string_field.obj
         libprotoc.dir\Debug\csharp_doc_comment.obj
         libprotoc.dir\Debug\csharp_enum.obj
         libprotoc.dir\Debug\csharp_enum_field.obj
         libprotoc.dir\Debug\csharp_field_base.obj
         libprotoc.dir\Debug\csharp_generator.obj
         libprotoc.dir\Debug\csharp_helpers.obj
         libprotoc.dir\Debug\csharp_map_field.obj
         libprotoc.dir\Debug\csharp_message.obj
         libprotoc.dir\Debug\csharp_message_field.obj
         libprotoc.dir\Debug\csharp_primitive_field.obj
         libprotoc.dir\Debug\csharp_reflection_class.obj
         libprotoc.dir\Debug\csharp_repeated_enum_field.obj
         libprotoc.dir\Debug\csharp_repeated_message_field.obj
         libprotoc.dir\Debug\csharp_repeated_primitive_field.obj
         libprotoc.dir\Debug\csharp_source_generator_base.obj
         libprotoc.dir\Debug\csharp_wrapper_field.obj
         libprotoc.dir\Debug\java_context.obj
         libprotoc.dir\Debug\java_doc_comment.obj
         libprotoc.dir\Debug\java_enum.obj
         libprotoc.dir\Debug\java_enum_field.obj
         libprotoc.dir\Debug\java_enum_field_lite.obj
         libprotoc.dir\Debug\java_enum_lite.obj
         libprotoc.dir\Debug\java_extension.obj
         libprotoc.dir\Debug\java_extension_lite.obj
         libprotoc.dir\Debug\java_field.obj
         libprotoc.dir\Debug\java_file.obj
         libprotoc.dir\Debug\java_generator.obj
         libprotoc.dir\Debug\java_generator_factory.obj
         libprotoc.dir\Debug\java_helpers.obj
         libprotoc.dir\Debug\java_lazy_message_field.obj
         libprotoc.dir\Debug\java_lazy_message_field_lite.obj
         libprotoc.dir\Debug\java_map_field.obj
         libprotoc.dir\Debug\java_map_field_lite.obj
         libprotoc.dir\Debug\java_message.obj
         libprotoc.dir\Debug\java_message_builder.obj
         libprotoc.dir\Debug\java_message_builder_lite.obj
         libprotoc.dir\Debug\java_message_field.obj
         libprotoc.dir\Debug\java_message_field_lite.obj
         libprotoc.dir\Debug\java_message_lite.obj
         libprotoc.dir\Debug\java_name_resolver.obj
         libprotoc.dir\Debug\java_primitive_field.obj
         libprotoc.dir\Debug\java_primitive_field_lite.obj
         libprotoc.dir\Debug\java_service.obj
         libprotoc.dir\Debug\java_shared_code_generator.obj
         libprotoc.dir\Debug\java_string_field.obj
         libprotoc.dir\Debug\java_string_field_lite.obj
         libprotoc.dir\Debug\javanano_enum.obj
         libprotoc.dir\Debug\javanano_enum_field.obj
         libprotoc.dir\Debug\javanano_extension.obj
         libprotoc.dir\Debug\javanano_field.obj
         libprotoc.dir\Debug\javanano_file.obj
         libprotoc.dir\Debug\javanano_generator.obj
         libprotoc.dir\Debug\javanano_helpers.obj
         libprotoc.dir\Debug\javanano_map_field.obj
         libprotoc.dir\Debug\javanano_message.obj
         libprotoc.dir\Debug\javanano_message_field.obj
         libprotoc.dir\Debug\javanano_primitive_field.obj
         libprotoc.dir\Debug\js_generator.obj
         libprotoc.dir\Debug\well_known_types_embed.obj
         libprotoc.dir\Debug\objectivec_enum.obj
         libprotoc.dir\Debug\objectivec_enum_field.obj
         libprotoc.dir\Debug\objectivec_extension.obj
         libprotoc.dir\Debug\objectivec_field.obj
         libprotoc.dir\Debug\objectivec_file.obj
         libprotoc.dir\Debug\objectivec_generator.obj
         libprotoc.dir\Debug\objectivec_helpers.obj
         libprotoc.dir\Debug\objectivec_map_field.obj
         libprotoc.dir\Debug\objectivec_message.obj
         libprotoc.dir\Debug\objectivec_message_field.obj
         libprotoc.dir\Debug\objectivec_oneof.obj
         libprotoc.dir\Debug\objectivec_primitive_field.obj
         libprotoc.dir\Debug\php_generator.obj
         libprotoc.dir\Debug\plugin.obj
         libprotoc.dir\Debug\plugin.pb.obj
         libprotoc.dir\Debug\python_generator.obj
         libprotoc.dir\Debug\ruby_generator.obj
         libprotoc.dir\Debug\subprocess.obj
         libprotoc.dir\Debug\zip_writer.obj
         libprotoc.vcxproj -> E:\cpp_workspace\protobuf\project.win32\Debug\libprotocd.lib
     1>Done Building Project "E:\cpp_workspace\protobuf\project.win32\libprotoc.vcxproj" (Build target(s)).

Build succeeded.

Time Elapsed 00:00:49.41
